<?xml version="1.0" encoding="UTF-8"?>
<!-- Generated by org.testng.reporters.JUnitXMLReporter -->
<testsuite ignored="0" hostname="ATMECSINDT-083" failures="0" tests="4" name="Test" time="1.798" errors="0" timestamp="06 Sep 2019 06:01:59 GMT">
  <testcase classname="FlightBooking.BaseClass" name="@BeforeTest setup" time="0.0">
    <failure type="org.testng.TestNGException" message="
Parameter &amp;apos;browser&amp;apos; is required by BeforeTest on method setup but has not been marked @Optional or defined
in C:\Users\indira.saravanan\eclipse-workspace\FlightBooking\src\main\resources\SuiteFile\OneWayTrip.xml">
      <![CDATA[org.testng.TestNGException: 
Parameter 'browser' is required by BeforeTest on method setup but has not been marked @Optional or defined
in C:\Users\indira.saravanan\eclipse-workspace\FlightBooking\src\main\resources\SuiteFile\OneWayTrip.xml
... Removed 20 stack frames]]>
    </failure>
  </testcase> <!-- @BeforeTest setup -->
  <testcase classname="FlightBooking.BaseClass" name="@AfterTest closebrowser" time="0.0">
    <skipped/>
  </testcase> <!-- @AfterTest closebrowser -->
  <testcase classname="FlightBooking.OneWayTrip" name="OneWayTrip" time="0.001">
    <skipped/>
  </testcase> <!-- OneWayTrip -->
  <testcase classname="FlightBooking.OneWayTrip" name="passengerDetails1" time="0.0">
    <skipped/>
  </testcase> <!-- passengerDetails1 -->
  <testcase classname="FlightBooking.NoOfPassengerOneWay" name="noOfPassenger" time="0.0">
    <skipped/>
  </testcase> <!-- noOfPassenger -->
  <testcase classname="FlightBooking.PassengerDetails" name="passengerDetails" time="0.0">
    <skipped/>
  </testcase> <!-- passengerDetails -->
</testsuite> <!-- Test -->
