<?xml version="1.0" encoding="UTF-8"?>
<testng-results ignored="0" total="2" passed="2" failed="0" skipped="0">
  <reporter-output>
  </reporter-output>
  <suite started-at="2019-09-03T14:59:15Z" name="Default suite" finished-at="2019-09-03T14:59:44Z" duration-ms="29311">
    <groups>
    </groups>
    <test started-at="2019-09-03T14:59:15Z" name="Default test" finished-at="2019-09-03T14:59:44Z" duration-ms="29311">
      <class name="FlightBooking.TestScript">
        <test-method is-config="true" signature="setup()[pri:0, instance:FlightBooking.TestScript@3b2cf7ab]" started-at="2019-09-03T20:29:15Z" name="setup" finished-at="2019-09-03T20:29:29Z" duration-ms="14020" status="PASS">
          <reporter-output>
          </reporter-output>
        </test-method> <!-- setup -->
        <test-method is-config="true" signature="OneWayTrip()[pri:0, instance:FlightBooking.TestScript@3b2cf7ab]" started-at="2019-09-03T20:29:31Z" name="OneWayTrip" finished-at="2019-09-03T20:29:33Z" duration-ms="2062" status="PASS">
          <reporter-output>
          </reporter-output>
        </test-method> <!-- OneWayTrip -->
        <test-method signature="passengerDetails(java.lang.String, java.lang.String)[pri:1, instance:FlightBooking.TestScript@3b2cf7ab]" started-at="2019-09-03T20:29:33Z" name="passengerDetails" data-provider="getDetails" finished-at="2019-09-03T20:29:36Z" duration-ms="3147" status="PASS">
          <params>
            <param index="0">
              <value>
                <![CDATA[chennai]]>
              </value>
            </param>
            <param index="1">
              <value>
                <![CDATA[mumbai]]>
              </value>
            </param>
          </params>
          <reporter-output>
          </reporter-output>
        </test-method> <!-- passengerDetails -->
        <test-method is-config="true" signature="OneWayTrip()[pri:0, instance:FlightBooking.TestScript@3b2cf7ab]" started-at="2019-09-03T20:29:36Z" name="OneWayTrip" finished-at="2019-09-03T20:29:38Z" duration-ms="2031" status="PASS">
          <reporter-output>
          </reporter-output>
        </test-method> <!-- OneWayTrip -->
        <test-method signature="testScript()[pri:2, instance:FlightBooking.TestScript@3b2cf7ab]" started-at="2019-09-03T20:29:38Z" name="testScript" finished-at="2019-09-03T20:29:44Z" duration-ms="6105" status="PASS">
          <reporter-output>
          </reporter-output>
        </test-method> <!-- testScript -->
        <test-method is-config="true" signature="clickButton()[pri:0, instance:FlightBooking.TestScript@3b2cf7ab]" started-at="2019-09-03T20:29:44Z" name="clickButton" finished-at="2019-09-03T20:29:44Z" duration-ms="297" status="PASS">
          <reporter-output>
          </reporter-output>
        </test-method> <!-- clickButton -->
      </class> <!-- FlightBooking.TestScript -->
    </test> <!-- Default test -->
  </suite> <!-- Default suite -->
</testng-results>
