<?xml version="1.0" encoding="UTF-8"?>
<!-- Generated by org.testng.reporters.JUnitXMLReporter -->
<testsuite ignored="0" hostname="ATMECSINDT-083" failures="0" tests="2" name="chromeTest" time="2.137" errors="0" timestamp="05 Sep 2019 15:44:05 GMT">
  <testcase classname="FlightBooking.BaseClass" name="@BeforeTest setup" time="0.088">
    <failure type="java.lang.NullPointerException">
      <![CDATA[java.lang.NullPointerException
	at FlightBooking.BaseClass.setup(BaseClass.java:79)
... Removed 23 stack frames]]>
    </failure>
  </testcase> <!-- @BeforeTest setup -->
  <testcase classname="FlightBooking.BaseClass" name="@AfterTest closebrowser" time="0.0">
    <skipped/>
  </testcase> <!-- @AfterTest closebrowser -->
  <testcase classname="FlightBooking.OneWayTrip" name="OneWayTrip" time="0.0">
    <skipped/>
  </testcase> <!-- OneWayTrip -->
  <testcase classname="FlightBooking.OneWayTrip" name="passengerDetails1" time="0.0">
    <skipped/>
  </testcase> <!-- passengerDetails1 -->
</testsuite> <!-- chromeTest -->
